# JRE version: OpenJDK Runtime Environment (19.0.1+10) (build 19.0.1+10-21)
# Java VM: OpenJDK 64-Bit Server VM (19.0.1+10-21, mixed mode, sharing, tiered, compressed oops, compressed class ptrs, g1 gc, windows-amd64)
GC Precious Log:
 CardTable entry size: 512
 Card Set container configuration: InlinePtr #cards 5 size 8 Array Of Cards #cards 12 size 40 Howl #buckets 4 coarsen threshold 1843 Howl Bitmap #cards 512 size 80 coarsen threshold 460 Card regions per heap region 1 cards per card region 2048
 CPUs: 4 total, 4 available
 Memory: 7979M
 Large Page Support: Disabled
 NUMA Support: Disabled
 Compressed Oops: Enabled (32-bit)
 Heap Region Size: 1M
 Heap Min Capacity: 8M
 Heap Initial Capacity: 126M
 Heap Max Capacity: 1996M
 Pre-touch: Disabled
 Parallel Workers: 4
 Concurrent Workers: 1
 Concurrent Refinement Workers: 4
 Periodic GC: Disabled
Heap:
 garbage-first heap   total 102400K, used 77115K [0x0000000083400000, 0x0000000100000000)
  region size 1024K, 48 young (49152K), 2 survivors (2048K)
 Metaspace       used 21501K, committed 21824K, reserved 1114112K
  class space    used 3107K, committed 3264K, reserved 1048576K
GC Heap History (10 events):
Event: 1.754 GC heap before
{Heap before GC invocations=0 (full 0):
 garbage-first heap   total 129024K, used 12288K [0x0000000083400000, 0x0000000100000000)
  region size 1024K, 13 young (13312K), 0 survivors (0K)
 Metaspace       used 2832K, committed 3072K, reserved 1114112K
  class space    used 286K, committed 384K, reserved 1048576K
}
Event: 1.759 GC heap after
{Heap after GC invocations=1 (full 0):
 garbage-first heap   total 129024K, used 1940K [0x0000000083400000, 0x0000000100000000)
  region size 1024K, 2 young (2048K), 2 survivors (2048K)
 Metaspace       used 2832K, committed 3072K, reserved 1114112K
  class space    used 286K, committed 384K, reserved 1048576K
}
Event: 2.592 GC heap before
{Heap before GC invocations=1 (full 0):
 garbage-first heap   total 129024K, used 19348K [0x0000000083400000, 0x0000000100000000)
  region size 1024K, 20 young (20480K), 2 survivors (2048K)
 Metaspace       used 7836K, committed 8000K, reserved 1114112K
  class space    used 1068K, committed 1152K, reserved 1048576K
}
Event: 2.599 GC heap after
{Heap after GC invocations=2 (full 0):
 garbage-first heap   total 129024K, used 5112K [0x0000000083400000, 0x0000000100000000)
  region size 1024K, 3 young (3072K), 3 survivors (3072K)
 Metaspace       used 7836K, committed 8000K, reserved 1114112K
  class space    used 1068K, committed 1152K, reserved 1048576K
}
Event: 4.165 GC heap before
{Heap before GC invocations=2 (full 0):
 garbage-first heap   total 129024K, used 50168K [0x0000000083400000, 0x0000000100000000)
  region size 1024K, 47 young (48128K), 3 survivors (3072K)
 Metaspace       used 16598K, committed 16896K, reserved 1114112K
  class space    used 2742K, committed 2880K, reserved 1048576K
}
Event: 4.190 GC heap after
{Heap after GC invocations=3 (full 0):
 garbage-first heap   total 129024K, used 15225K [0x0000000083400000, 0x0000000100000000)
  region size 1024K, 6 young (6144K), 6 survivors (6144K)
 Metaspace       used 16598K, committed 16896K, reserved 1114112K
  class space    used 2742K, committed 2880K, reserved 1048576K
}
Event: 70.256 GC heap before
{Heap before GC invocations=3 (full 0):
 garbage-first heap   total 129024K, used 62329K [0x0000000083400000, 0x0000000100000000)
  region size 1024K, 44 young (45056K), 6 survivors (6144K)
 Metaspace       used 21004K, committed 21312K, reserved 1114112K
  class space    used 3099K, committed 3200K, reserved 1048576K
}
Event: 70.310 GC heap after
{Heap after GC invocations=4 (full 0):
 garbage-first heap   total 129024K, used 26599K [0x0000000083400000, 0x0000000100000000)
  region size 1024K, 6 young (6144K), 6 survivors (6144K)
 Metaspace       used 21004K, committed 21312K, reserved 1114112K
  class space    used 3099K, committed 3200K, reserved 1048576K
}
Event: 82.124 GC heap before
{Heap before GC invocations=4 (full 0):
 garbage-first heap   total 129024K, used 33767K [0x0000000083400000, 0x0000000100000000)
  region size 1024K, 14 young (14336K), 6 survivors (6144K)
 Metaspace       used 21238K, committed 21504K, reserved 1114112K
  class space    used 3105K, committed 3264K, reserved 1048576K
}
Event: 82.142 GC heap after
{Heap after GC invocations=5 (full 0):
 garbage-first heap   total 129024K, used 27963K [0x0000000083400000, 0x0000000100000000)
  region size 1024K, 2 young (2048K), 2 survivors (2048K)
 Metaspace       used 21238K, committed 21504K, reserved 1114112K
  class space    used 3105K, committed 3264K, reserved 1048576K
}

